<?xml version="1.0" encoding="UTF-8"?>
<testng-results skipped="0" failed="0" total="1" passed="1">
  <reporter-output>
    <line>
      <![CDATA[<div "featureFile">Feature File: 001rediffhome.feature</div>]]>
    </line>
    <line>
      <![CDATA[<div "feature">Feature: Validate home page objects</div>]]>
    </line>
    <line>
      <![CDATA[<div "scenarioOutline">Scenario Outline: verify home page</div>]]>
    </line>
    <line>
      <![CDATA[<div "scenario">Scenario Outline: verify home page</div>]]>
    </line>
    <line>
      <![CDATA[<div "result">Given  user open &quot;&lt;browser&gt;&quot; (passed : 11s)</div>]]>
    </line>
    <line>
      <![CDATA[<div "result">When  user navigate &quot;&lt;url&gt;&quot; (passed : 3s)</div>]]>
    </line>
    <line>
      <![CDATA[<div "result">Then  user click on rediffmail (passed : 4s)</div>]]>
    </line>
    <line>
      <![CDATA[<div "featureFile">Feature File: 002login.feature</div>]]>
    </line>
    <line>
      <![CDATA[<div "feature">Feature: Validate home page objects</div>]]>
    </line>
    <line>
      <![CDATA[<div "scenarioOutline">Scenario Outline: verify home page</div>]]>
    </line>
    <line>
      <![CDATA[<div "scenario">Scenario Outline: verify home page</div>]]>
    </line>
    <line>
      <![CDATA[<div "result">Given  user open &quot;chrome&quot; (passed : 0s)</div>]]>
    </line>
    <line>
      <![CDATA[<div "result">When  user navigate &quot;http:&#x2F;&#x2F;rediff.com&quot; (passed : 0s)</div>]]>
    </line>
    <line>
      <![CDATA[<div "result">Then  user click on rediffmail (passed : 1s)</div>]]>
    </line>
  </reporter-output>
  <suite name="Suite" duration-ms="22592" started-at="2017-05-09T11:31:03Z" finished-at="2017-05-09T11:31:26Z">
    <groups>
      <group name="cucumber">
        <method signature="AbstractTestNGCucumberTests.run_cukes()[pri:0, instance:com.cucumber.runners.Runner1@51565ec2]" name="run_cukes" class="cucumber.api.testng.AbstractTestNGCucumberTests"/>
      </group> <!-- cucumber -->
    </groups>
    <test name="Test" duration-ms="22592" started-at="2017-05-09T11:31:03Z" finished-at="2017-05-09T11:31:26Z">
      <class name="com.cucumber.runners.Runner1">
        <test-method status="PASS" signature="run_cukes()[pri:0, instance:com.cucumber.runners.Runner1@51565ec2]" name="run_cukes" duration-ms="22550" started-at="2017-05-09T12:31:03Z" description="Runs Cucumber Features" finished-at="2017-05-09T12:31:26Z">
          <reporter-output>
            <line>
              <![CDATA[<div "featureFile">Feature File: 001rediffhome.feature</div>]]>
            </line>
            <line>
              <![CDATA[<div "feature">Feature: Validate home page objects</div>]]>
            </line>
            <line>
              <![CDATA[<div "scenarioOutline">Scenario Outline: verify home page</div>]]>
            </line>
            <line>
              <![CDATA[<div "scenario">Scenario Outline: verify home page</div>]]>
            </line>
            <line>
              <![CDATA[<div "result">Given  user open &quot;&lt;browser&gt;&quot; (passed : 11s)</div>]]>
            </line>
            <line>
              <![CDATA[<div "result">When  user navigate &quot;&lt;url&gt;&quot; (passed : 3s)</div>]]>
            </line>
            <line>
              <![CDATA[<div "result">Then  user click on rediffmail (passed : 4s)</div>]]>
            </line>
            <line>
              <![CDATA[<div "featureFile">Feature File: 002login.feature</div>]]>
            </line>
            <line>
              <![CDATA[<div "feature">Feature: Validate home page objects</div>]]>
            </line>
            <line>
              <![CDATA[<div "scenarioOutline">Scenario Outline: verify home page</div>]]>
            </line>
            <line>
              <![CDATA[<div "scenario">Scenario Outline: verify home page</div>]]>
            </line>
            <line>
              <![CDATA[<div "result">Given  user open &quot;chrome&quot; (passed : 0s)</div>]]>
            </line>
            <line>
              <![CDATA[<div "result">When  user navigate &quot;http:&#x2F;&#x2F;rediff.com&quot; (passed : 0s)</div>]]>
            </line>
            <line>
              <![CDATA[<div "result">Then  user click on rediffmail (passed : 1s)</div>]]>
            </line>
          </reporter-output>
        </test-method> <!-- run_cukes -->
      </class> <!-- com.cucumber.runners.Runner1 -->
    </test> <!-- Test -->
  </suite> <!-- Suite -->
</testng-results>
